2020-04-26 01:03:10.942 INFO  [main]com.lyq.blog.BlogBackApplication.logStarting:55 -Starting BlogBackApplication on JaydeMacBook-Pro.local with PID 11267 (/Users/jay/Desktop/idea_codes/博客/后端v2/blog-back/target/classes started by jay in /Users/jay/Desktop/idea_codes/博客/后端v2/blog-back)
2020-04-26 01:03:10.948 DEBUG [main]com.lyq.blog.BlogBackApplication.logStarting:56 -Running with Spring Boot v2.2.6.RELEASE, Spring v5.2.5.RELEASE
2020-04-26 01:03:10.949 INFO  [main]com.lyq.blog.BlogBackApplication.logStartupProfileInfo:655 -The following profiles are active: dev
2020-04-26 01:03:12.737 INFO  [main]o.s.d.repository.config.RepositoryConfigurationDelegate.multipleStoresDetected:249 -Multiple Spring Data modules found, entering strict repository configuration mode!
2020-04-26 01:03:12.755 INFO  [main]o.s.d.repository.config.RepositoryConfigurationDelegate.registerRepositoriesIn:127 -Bootstrapping Spring Data Redis repositories in DEFAULT mode.
2020-04-26 01:03:12.826 INFO  [main]o.s.d.repository.config.RepositoryConfigurationDelegate.registerRepositoriesIn:187 -Finished Spring Data repository scanning in 41ms. Found 0 Redis repository interfaces.
2020-04-26 01:03:13.502 INFO  [main]o.s.c.s.PostProcessorRegistrationDelegate$BeanPostProcessorChecker.postProcessAfterInitialization:330 -Bean 'shiroConfig' of type [com.lyq.blog.config.shiro.ShiroConfig$$EnhancerBySpringCGLIB$$23ac4adb] is not eligible for getting processed by all BeanPostProcessors (for example: not eligible for auto-proxying)
2020-04-26 01:03:14.016 INFO  [main]o.s.c.s.PostProcessorRegistrationDelegate$BeanPostProcessorChecker.postProcessAfterInitialization:330 -Bean 'redisConfig' of type [com.lyq.blog.config.redis.RedisConfig$$EnhancerBySpringCGLIB$$9a9539ef] is not eligible for getting processed by all BeanPostProcessors (for example: not eligible for auto-proxying)
2020-04-26 01:03:14.057 INFO  [main]o.s.c.s.PostProcessorRegistrationDelegate$BeanPostProcessorChecker.postProcessAfterInitialization:330 -Bean 'spring.redis-org.springframework.boot.autoconfigure.data.redis.RedisProperties' of type [org.springframework.boot.autoconfigure.data.redis.RedisProperties] is not eligible for getting processed by all BeanPostProcessors (for example: not eligible for auto-proxying)
2020-04-26 01:03:14.064 INFO  [main]o.s.c.s.PostProcessorRegistrationDelegate$BeanPostProcessorChecker.postProcessAfterInitialization:330 -Bean 'org.springframework.boot.autoconfigure.data.redis.LettuceConnectionConfiguration' of type [org.springframework.boot.autoconfigure.data.redis.LettuceConnectionConfiguration] is not eligible for getting processed by all BeanPostProcessors (for example: not eligible for auto-proxying)
2020-04-26 01:03:14.212 INFO  [main]o.s.c.s.PostProcessorRegistrationDelegate$BeanPostProcessorChecker.postProcessAfterInitialization:330 -Bean 'lettuceClientResources' of type [io.lettuce.core.resource.DefaultClientResources] is not eligible for getting processed by all BeanPostProcessors (for example: not eligible for auto-proxying)
2020-04-26 01:03:14.414 INFO  [main]o.s.c.s.PostProcessorRegistrationDelegate$BeanPostProcessorChecker.postProcessAfterInitialization:330 -Bean 'redisConnectionFactory' of type [org.springframework.data.redis.connection.lettuce.LettuceConnectionFactory] is not eligible for getting processed by all BeanPostProcessors (for example: not eligible for auto-proxying)
2020-04-26 01:03:14.559 INFO  [main]o.s.c.s.PostProcessorRegistrationDelegate$BeanPostProcessorChecker.postProcessAfterInitialization:330 -Bean 'redisTemplate' of type [org.springframework.data.redis.core.RedisTemplate] is not eligible for getting processed by all BeanPostProcessors (for example: not eligible for auto-proxying)
2020-04-26 01:03:14.690 INFO  [main]o.s.c.s.PostProcessorRegistrationDelegate$BeanPostProcessorChecker.postProcessAfterInitialization:330 -Bean 'redisService' of type [com.lyq.blog.service.RedisService] is not eligible for getting processed by all BeanPostProcessors (for example: not eligible for auto-proxying)
2020-04-26 01:03:14.693 INFO  [main]o.s.c.s.PostProcessorRegistrationDelegate$BeanPostProcessorChecker.postProcessAfterInitialization:330 -Bean 'cusHashedCredentialMatcher' of type [com.lyq.blog.config.shiro.custom.CusHashedCredentialMatcher] is not eligible for getting processed by all BeanPostProcessors (for example: not eligible for auto-proxying)
2020-04-26 01:03:14.720 INFO  [main]o.s.c.s.PostProcessorRegistrationDelegate$BeanPostProcessorChecker.postProcessAfterInitialization:330 -Bean 'cusAuthorizingRealm' of type [com.lyq.blog.config.shiro.custom.CusAuthorizingRealm] is not eligible for getting processed by all BeanPostProcessors (for example: not eligible for auto-proxying)
2020-04-26 01:03:14.740 INFO  [main]o.s.c.s.PostProcessorRegistrationDelegate$BeanPostProcessorChecker.postProcessAfterInitialization:330 -Bean 'securityManager' of type [org.apache.shiro.web.mgt.DefaultWebSecurityManager] is not eligible for getting processed by all BeanPostProcessors (for example: not eligible for auto-proxying)
2020-04-26 01:03:14.803 INFO  [main]o.s.c.s.PostProcessorRegistrationDelegate$BeanPostProcessorChecker.postProcessAfterInitialization:330 -Bean 'authorizationAttributeSourceAdvisor' of type [org.apache.shiro.spring.security.interceptor.AuthorizationAttributeSourceAdvisor] is not eligible for getting processed by all BeanPostProcessors (for example: not eligible for auto-proxying)
2020-04-26 01:03:15.499 INFO  [main]o.s.boot.web.embedded.tomcat.TomcatWebServer.initialize:92 -Tomcat initialized with port(s): 8080 (http)
2020-04-26 01:03:15.520 INFO  [main]org.apache.coyote.http11.Http11NioProtocol.log:173 -Initializing ProtocolHandler ["http-nio-8080"]
2020-04-26 01:03:15.520 INFO  [main]org.apache.catalina.core.StandardService.log:173 -Starting service [Tomcat]
2020-04-26 01:03:15.521 INFO  [main]org.apache.catalina.core.StandardEngine.log:173 -Starting Servlet engine: [Apache Tomcat/9.0.33]
2020-04-26 01:03:15.689 INFO  [main]o.a.catalina.core.ContainerBase.[Tomcat].[localhost].[/].log:173 -Initializing Spring embedded WebApplicationContext
2020-04-26 01:03:15.706 INFO  [main]org.springframework.web.context.ContextLoader.prepareWebApplicationContext:284 -Root WebApplicationContext: initialization completed in 4661 ms
2020-04-26 01:03:17.888 INFO  [main]o.s.scheduling.concurrent.ThreadPoolTaskExecutor.initialize:181 -Initializing ExecutorService 'applicationTaskExecutor'
2020-04-26 01:03:19.111 INFO  [main]org.apache.coyote.http11.Http11NioProtocol.log:173 -Starting ProtocolHandler ["http-nio-8080"]
2020-04-26 01:03:19.225 INFO  [main]o.s.boot.web.embedded.tomcat.TomcatWebServer.start:204 -Tomcat started on port(s): 8080 (http) with context path ''
2020-04-26 01:03:19.228 INFO  [main]com.lyq.blog.BlogBackApplication.logStarted:61 -Started BlogBackApplication in 9.287 seconds (JVM running for 10.659)
2020-04-26 01:05:50.171 INFO  [SpringContextShutdownHook]o.s.jmx.export.annotation.AnnotationMBeanExporter.doUnregister:211 -Could not unregister MBean [com.github.tobato.fastdfs.domain.conn:name=fdfsConnectionPool,type=FdfsConnectionPool] as said MBean is not registered (perhaps already unregistered by an external process)
2020-04-26 01:05:50.172 INFO  [SpringContextShutdownHook]o.s.scheduling.concurrent.ThreadPoolTaskExecutor.shutdown:218 -Shutting down ExecutorService 'applicationTaskExecutor'
2020-04-26 01:05:56.590 INFO  [main]com.lyq.blog.BlogBackApplication.logStarting:55 -Starting BlogBackApplication on JaydeMacBook-Pro.local with PID 11303 (/Users/jay/Desktop/idea_codes/博客/后端v2/blog-back/target/classes started by jay in /Users/jay/Desktop/idea_codes/博客/后端v2/blog-back)
2020-04-26 01:05:56.595 DEBUG [main]com.lyq.blog.BlogBackApplication.logStarting:56 -Running with Spring Boot v2.2.6.RELEASE, Spring v5.2.5.RELEASE
2020-04-26 01:05:56.597 INFO  [main]com.lyq.blog.BlogBackApplication.logStartupProfileInfo:655 -The following profiles are active: dev
2020-04-26 01:05:57.278 INFO  [main]o.s.d.repository.config.RepositoryConfigurationDelegate.multipleStoresDetected:249 -Multiple Spring Data modules found, entering strict repository configuration mode!
2020-04-26 01:05:57.280 INFO  [main]o.s.d.repository.config.RepositoryConfigurationDelegate.registerRepositoriesIn:127 -Bootstrapping Spring Data Redis repositories in DEFAULT mode.
2020-04-26 01:05:57.317 INFO  [main]o.s.d.repository.config.RepositoryConfigurationDelegate.registerRepositoriesIn:187 -Finished Spring Data repository scanning in 23ms. Found 0 Redis repository interfaces.
2020-04-26 01:05:57.552 INFO  [main]o.s.c.s.PostProcessorRegistrationDelegate$BeanPostProcessorChecker.postProcessAfterInitialization:330 -Bean 'shiroConfig' of type [com.lyq.blog.config.shiro.ShiroConfig$$EnhancerBySpringCGLIB$$b3a0e59b] is not eligible for getting processed by all BeanPostProcessors (for example: not eligible for auto-proxying)
2020-04-26 01:05:57.799 INFO  [main]o.s.c.s.PostProcessorRegistrationDelegate$BeanPostProcessorChecker.postProcessAfterInitialization:330 -Bean 'redisConfig' of type [com.lyq.blog.config.redis.RedisConfig$$EnhancerBySpringCGLIB$$2a89d4af] is not eligible for getting processed by all BeanPostProcessors (for example: not eligible for auto-proxying)
2020-04-26 01:05:57.813 INFO  [main]o.s.c.s.PostProcessorRegistrationDelegate$BeanPostProcessorChecker.postProcessAfterInitialization:330 -Bean 'spring.redis-org.springframework.boot.autoconfigure.data.redis.RedisProperties' of type [org.springframework.boot.autoconfigure.data.redis.RedisProperties] is not eligible for getting processed by all BeanPostProcessors (for example: not eligible for auto-proxying)
2020-04-26 01:05:57.821 INFO  [main]o.s.c.s.PostProcessorRegistrationDelegate$BeanPostProcessorChecker.postProcessAfterInitialization:330 -Bean 'org.springframework.boot.autoconfigure.data.redis.LettuceConnectionConfiguration' of type [org.springframework.boot.autoconfigure.data.redis.LettuceConnectionConfiguration] is not eligible for getting processed by all BeanPostProcessors (for example: not eligible for auto-proxying)
2020-04-26 01:05:57.880 INFO  [main]o.s.c.s.PostProcessorRegistrationDelegate$BeanPostProcessorChecker.postProcessAfterInitialization:330 -Bean 'lettuceClientResources' of type [io.lettuce.core.resource.DefaultClientResources] is not eligible for getting processed by all BeanPostProcessors (for example: not eligible for auto-proxying)
2020-04-26 01:05:57.989 INFO  [main]o.s.c.s.PostProcessorRegistrationDelegate$BeanPostProcessorChecker.postProcessAfterInitialization:330 -Bean 'redisConnectionFactory' of type [org.springframework.data.redis.connection.lettuce.LettuceConnectionFactory] is not eligible for getting processed by all BeanPostProcessors (for example: not eligible for auto-proxying)
2020-04-26 01:05:58.052 INFO  [main]o.s.c.s.PostProcessorRegistrationDelegate$BeanPostProcessorChecker.postProcessAfterInitialization:330 -Bean 'redisTemplate' of type [org.springframework.data.redis.core.RedisTemplate] is not eligible for getting processed by all BeanPostProcessors (for example: not eligible for auto-proxying)
2020-04-26 01:05:58.107 INFO  [main]o.s.c.s.PostProcessorRegistrationDelegate$BeanPostProcessorChecker.postProcessAfterInitialization:330 -Bean 'redisService' of type [com.lyq.blog.service.RedisService] is not eligible for getting processed by all BeanPostProcessors (for example: not eligible for auto-proxying)
2020-04-26 01:05:58.110 INFO  [main]o.s.c.s.PostProcessorRegistrationDelegate$BeanPostProcessorChecker.postProcessAfterInitialization:330 -Bean 'cusHashedCredentialMatcher' of type [com.lyq.blog.config.shiro.custom.CusHashedCredentialMatcher] is not eligible for getting processed by all BeanPostProcessors (for example: not eligible for auto-proxying)
2020-04-26 01:05:58.115 INFO  [main]o.s.c.s.PostProcessorRegistrationDelegate$BeanPostProcessorChecker.postProcessAfterInitialization:330 -Bean 'cusAuthorizingRealm' of type [com.lyq.blog.config.shiro.custom.CusAuthorizingRealm] is not eligible for getting processed by all BeanPostProcessors (for example: not eligible for auto-proxying)
2020-04-26 01:05:58.129 INFO  [main]o.s.c.s.PostProcessorRegistrationDelegate$BeanPostProcessorChecker.postProcessAfterInitialization:330 -Bean 'securityManager' of type [org.apache.shiro.web.mgt.DefaultWebSecurityManager] is not eligible for getting processed by all BeanPostProcessors (for example: not eligible for auto-proxying)
2020-04-26 01:05:58.150 INFO  [main]o.s.c.s.PostProcessorRegistrationDelegate$BeanPostProcessorChecker.postProcessAfterInitialization:330 -Bean 'authorizationAttributeSourceAdvisor' of type [org.apache.shiro.spring.security.interceptor.AuthorizationAttributeSourceAdvisor] is not eligible for getting processed by all BeanPostProcessors (for example: not eligible for auto-proxying)
2020-04-26 01:05:58.389 INFO  [main]o.s.boot.web.embedded.tomcat.TomcatWebServer.initialize:92 -Tomcat initialized with port(s): 8080 (http)
2020-04-26 01:05:58.396 INFO  [main]org.apache.coyote.http11.Http11NioProtocol.log:173 -Initializing ProtocolHandler ["http-nio-8080"]
2020-04-26 01:05:58.397 INFO  [main]org.apache.catalina.core.StandardService.log:173 -Starting service [Tomcat]
2020-04-26 01:05:58.397 INFO  [main]org.apache.catalina.core.StandardEngine.log:173 -Starting Servlet engine: [Apache Tomcat/9.0.33]
2020-04-26 01:05:58.461 INFO  [main]o.a.catalina.core.ContainerBase.[Tomcat].[localhost].[/].log:173 -Initializing Spring embedded WebApplicationContext
2020-04-26 01:05:58.461 INFO  [main]org.springframework.web.context.ContextLoader.prepareWebApplicationContext:284 -Root WebApplicationContext: initialization completed in 1747 ms
2020-04-26 01:05:59.348 INFO  [main]o.s.scheduling.concurrent.ThreadPoolTaskExecutor.initialize:181 -Initializing ExecutorService 'applicationTaskExecutor'
2020-04-26 01:05:59.851 INFO  [main]org.apache.coyote.http11.Http11NioProtocol.log:173 -Starting ProtocolHandler ["http-nio-8080"]
2020-04-26 01:05:59.881 INFO  [main]o.s.boot.web.embedded.tomcat.TomcatWebServer.start:204 -Tomcat started on port(s): 8080 (http) with context path ''
2020-04-26 01:05:59.884 INFO  [main]com.lyq.blog.BlogBackApplication.logStarted:61 -Started BlogBackApplication in 3.857 seconds (JVM running for 4.428)
2020-04-26 02:40:54.082 INFO  [http-nio-8080-exec-1]o.a.catalina.core.ContainerBase.[Tomcat].[localhost].[/].log:173 -Initializing Spring DispatcherServlet 'dispatcherServlet'
2020-04-26 02:40:54.082 INFO  [http-nio-8080-exec-1]org.springframework.web.servlet.DispatcherServlet.initServletBean:525 -Initializing Servlet 'dispatcherServlet'
2020-04-26 02:40:54.092 INFO  [http-nio-8080-exec-1]org.springframework.web.servlet.DispatcherServlet.initServletBean:547 -Completed initialization in 9 ms
2020-04-26 02:40:54.114 INFO  [http-nio-8080-exec-1]com.lyq.blog.config.shiro.custom.CusAccessControlFilter.onAccessDenied:41 -请求方式：POST
2020-04-26 02:40:54.115 INFO  [http-nio-8080-exec-1]com.lyq.blog.config.shiro.custom.CusAccessControlFilter.onAccessDenied:42 -拦截请求URI: /user/login
2020-04-26 02:40:56.966 INFO  [http-nio-8080-exec-2]com.lyq.blog.config.shiro.custom.CusAccessControlFilter.onAccessDenied:41 -请求方式：POST
2020-04-26 02:40:56.967 INFO  [http-nio-8080-exec-2]com.lyq.blog.config.shiro.custom.CusAccessControlFilter.onAccessDenied:42 -拦截请求URI: /user/login
2020-04-26 02:40:58.205 INFO  [http-nio-8080-exec-3]com.lyq.blog.config.shiro.custom.CusAccessControlFilter.onAccessDenied:41 -请求方式：POST
2020-04-26 02:40:58.205 INFO  [http-nio-8080-exec-3]com.lyq.blog.config.shiro.custom.CusAccessControlFilter.onAccessDenied:42 -拦截请求URI: /user/login
2020-04-26 02:40:59.701 INFO  [http-nio-8080-exec-4]com.lyq.blog.config.shiro.custom.CusAccessControlFilter.onAccessDenied:41 -请求方式：POST
2020-04-26 02:40:59.702 INFO  [http-nio-8080-exec-4]com.lyq.blog.config.shiro.custom.CusAccessControlFilter.onAccessDenied:42 -拦截请求URI: /user/login
2020-04-26 02:42:39.894 INFO  [http-nio-8080-exec-5]com.lyq.blog.config.shiro.custom.CusAccessControlFilter.onAccessDenied:41 -请求方式：POST
2020-04-26 02:42:39.894 INFO  [http-nio-8080-exec-5]com.lyq.blog.config.shiro.custom.CusAccessControlFilter.onAccessDenied:42 -拦截请求URI: /user/login
2020-04-26 04:05:52.718 INFO  [SpringContextShutdownHook]o.s.jmx.export.annotation.AnnotationMBeanExporter.doUnregister:211 -Could not unregister MBean [com.github.tobato.fastdfs.domain.conn:name=fdfsConnectionPool,type=FdfsConnectionPool] as said MBean is not registered (perhaps already unregistered by an external process)
2020-04-26 04:05:52.719 INFO  [SpringContextShutdownHook]o.s.scheduling.concurrent.ThreadPoolTaskExecutor.shutdown:218 -Shutting down ExecutorService 'applicationTaskExecutor'
2020-04-26 13:46:25.132 INFO  [main]com.lyq.blog.BlogBackApplication.logStarting:55 -Starting BlogBackApplication on JaydeMacBook-Pro.local with PID 17067 (/Users/jay/Desktop/idea_codes/博客/后端v2/blog-back/target/classes started by jay in /Users/jay/Desktop/idea_codes/博客/后端v2/blog-back)
2020-04-26 13:46:25.135 DEBUG [main]com.lyq.blog.BlogBackApplication.logStarting:56 -Running with Spring Boot v2.2.6.RELEASE, Spring v5.2.5.RELEASE
2020-04-26 13:46:25.136 INFO  [main]com.lyq.blog.BlogBackApplication.logStartupProfileInfo:655 -The following profiles are active: dev
2020-04-26 13:46:26.138 INFO  [main]o.s.d.repository.config.RepositoryConfigurationDelegate.multipleStoresDetected:249 -Multiple Spring Data modules found, entering strict repository configuration mode!
2020-04-26 13:46:26.140 INFO  [main]o.s.d.repository.config.RepositoryConfigurationDelegate.registerRepositoriesIn:127 -Bootstrapping Spring Data Redis repositories in DEFAULT mode.
2020-04-26 13:46:26.181 INFO  [main]o.s.d.repository.config.RepositoryConfigurationDelegate.registerRepositoriesIn:187 -Finished Spring Data repository scanning in 26ms. Found 0 Redis repository interfaces.
2020-04-26 13:46:26.467 INFO  [main]o.s.c.s.PostProcessorRegistrationDelegate$BeanPostProcessorChecker.postProcessAfterInitialization:330 -Bean 'shiroConfig' of type [com.lyq.blog.config.shiro.ShiroConfig$$EnhancerBySpringCGLIB$$3d119119] is not eligible for getting processed by all BeanPostProcessors (for example: not eligible for auto-proxying)
2020-04-26 13:46:26.747 INFO  [main]o.s.c.s.PostProcessorRegistrationDelegate$BeanPostProcessorChecker.postProcessAfterInitialization:330 -Bean 'redisConfig' of type [com.lyq.blog.config.redis.RedisConfig$$EnhancerBySpringCGLIB$$b3fa802d] is not eligible for getting processed by all BeanPostProcessors (for example: not eligible for auto-proxying)
2020-04-26 13:46:26.777 INFO  [main]o.s.c.s.PostProcessorRegistrationDelegate$BeanPostProcessorChecker.postProcessAfterInitialization:330 -Bean 'spring.redis-org.springframework.boot.autoconfigure.data.redis.RedisProperties' of type [org.springframework.boot.autoconfigure.data.redis.RedisProperties] is not eligible for getting processed by all BeanPostProcessors (for example: not eligible for auto-proxying)
2020-04-26 13:46:26.786 INFO  [main]o.s.c.s.PostProcessorRegistrationDelegate$BeanPostProcessorChecker.postProcessAfterInitialization:330 -Bean 'org.springframework.boot.autoconfigure.data.redis.LettuceConnectionConfiguration' of type [org.springframework.boot.autoconfigure.data.redis.LettuceConnectionConfiguration] is not eligible for getting processed by all BeanPostProcessors (for example: not eligible for auto-proxying)
2020-04-26 13:46:26.875 INFO  [main]o.s.c.s.PostProcessorRegistrationDelegate$BeanPostProcessorChecker.postProcessAfterInitialization:330 -Bean 'lettuceClientResources' of type [io.lettuce.core.resource.DefaultClientResources] is not eligible for getting processed by all BeanPostProcessors (for example: not eligible for auto-proxying)
2020-04-26 13:46:27.102 INFO  [main]o.s.c.s.PostProcessorRegistrationDelegate$BeanPostProcessorChecker.postProcessAfterInitialization:330 -Bean 'redisConnectionFactory' of type [org.springframework.data.redis.connection.lettuce.LettuceConnectionFactory] is not eligible for getting processed by all BeanPostProcessors (for example: not eligible for auto-proxying)
2020-04-26 13:46:27.313 INFO  [main]o.s.c.s.PostProcessorRegistrationDelegate$BeanPostProcessorChecker.postProcessAfterInitialization:330 -Bean 'redisTemplate' of type [org.springframework.data.redis.core.RedisTemplate] is not eligible for getting processed by all BeanPostProcessors (for example: not eligible for auto-proxying)
2020-04-26 13:46:27.430 INFO  [main]o.s.c.s.PostProcessorRegistrationDelegate$BeanPostProcessorChecker.postProcessAfterInitialization:330 -Bean 'redisService' of type [com.lyq.blog.service.RedisService] is not eligible for getting processed by all BeanPostProcessors (for example: not eligible for auto-proxying)
2020-04-26 13:46:27.433 INFO  [main]o.s.c.s.PostProcessorRegistrationDelegate$BeanPostProcessorChecker.postProcessAfterInitialization:330 -Bean 'cusHashedCredentialMatcher' of type [com.lyq.blog.config.shiro.custom.CusHashedCredentialMatcher] is not eligible for getting processed by all BeanPostProcessors (for example: not eligible for auto-proxying)
2020-04-26 13:46:27.443 INFO  [main]o.s.c.s.PostProcessorRegistrationDelegate$BeanPostProcessorChecker.postProcessAfterInitialization:330 -Bean 'cusAuthorizingRealm' of type [com.lyq.blog.config.shiro.custom.CusAuthorizingRealm] is not eligible for getting processed by all BeanPostProcessors (for example: not eligible for auto-proxying)
2020-04-26 13:46:27.477 INFO  [main]o.s.c.s.PostProcessorRegistrationDelegate$BeanPostProcessorChecker.postProcessAfterInitialization:330 -Bean 'securityManager' of type [org.apache.shiro.web.mgt.DefaultWebSecurityManager] is not eligible for getting processed by all BeanPostProcessors (for example: not eligible for auto-proxying)
2020-04-26 13:46:27.518 INFO  [main]o.s.c.s.PostProcessorRegistrationDelegate$BeanPostProcessorChecker.postProcessAfterInitialization:330 -Bean 'authorizationAttributeSourceAdvisor' of type [org.apache.shiro.spring.security.interceptor.AuthorizationAttributeSourceAdvisor] is not eligible for getting processed by all BeanPostProcessors (for example: not eligible for auto-proxying)
2020-04-26 13:46:28.026 INFO  [main]o.s.boot.web.embedded.tomcat.TomcatWebServer.initialize:92 -Tomcat initialized with port(s): 8080 (http)
2020-04-26 13:46:28.036 INFO  [main]org.apache.coyote.http11.Http11NioProtocol.log:173 -Initializing ProtocolHandler ["http-nio-8080"]
2020-04-26 13:46:28.036 INFO  [main]org.apache.catalina.core.StandardService.log:173 -Starting service [Tomcat]
2020-04-26 13:46:28.037 INFO  [main]org.apache.catalina.core.StandardEngine.log:173 -Starting Servlet engine: [Apache Tomcat/9.0.33]
2020-04-26 13:46:28.124 INFO  [main]o.a.catalina.core.ContainerBase.[Tomcat].[localhost].[/].log:173 -Initializing Spring embedded WebApplicationContext
2020-04-26 13:46:28.124 INFO  [main]org.springframework.web.context.ContextLoader.prepareWebApplicationContext:284 -Root WebApplicationContext: initialization completed in 2843 ms
2020-04-26 13:46:29.277 INFO  [main]o.s.scheduling.concurrent.ThreadPoolTaskExecutor.initialize:181 -Initializing ExecutorService 'applicationTaskExecutor'
2020-04-26 13:46:29.817 INFO  [main]org.apache.coyote.http11.Http11NioProtocol.log:173 -Starting ProtocolHandler ["http-nio-8080"]
2020-04-26 13:46:29.853 INFO  [main]o.s.boot.web.embedded.tomcat.TomcatWebServer.start:204 -Tomcat started on port(s): 8080 (http) with context path ''
2020-04-26 13:46:29.857 INFO  [main]com.lyq.blog.BlogBackApplication.logStarted:61 -Started BlogBackApplication in 5.895 seconds (JVM running for 6.763)
2020-04-26 13:46:43.148 INFO  [http-nio-8080-exec-1]o.a.catalina.core.ContainerBase.[Tomcat].[localhost].[/].log:173 -Initializing Spring DispatcherServlet 'dispatcherServlet'
2020-04-26 13:46:43.149 INFO  [http-nio-8080-exec-1]org.springframework.web.servlet.DispatcherServlet.initServletBean:525 -Initializing Servlet 'dispatcherServlet'
2020-04-26 13:46:43.159 INFO  [http-nio-8080-exec-1]org.springframework.web.servlet.DispatcherServlet.initServletBean:547 -Completed initialization in 10 ms
2020-04-26 13:46:43.179 INFO  [http-nio-8080-exec-1]com.lyq.blog.config.shiro.custom.CusAccessControlFilter.onAccessDenied:41 -请求方式：POST
2020-04-26 13:46:43.179 INFO  [http-nio-8080-exec-1]com.lyq.blog.config.shiro.custom.CusAccessControlFilter.onAccessDenied:42 -拦截请求URI: /vue-admin-template/user/login
2020-04-26 13:46:45.324 INFO  [http-nio-8080-exec-2]com.lyq.blog.config.shiro.custom.CusAccessControlFilter.onAccessDenied:41 -请求方式：POST
2020-04-26 13:46:45.324 INFO  [http-nio-8080-exec-2]com.lyq.blog.config.shiro.custom.CusAccessControlFilter.onAccessDenied:42 -拦截请求URI: /vue-admin-template/user/login
2020-04-26 14:09:27.963 INFO  [http-nio-8080-exec-3]com.lyq.blog.config.shiro.custom.CusAccessControlFilter.onAccessDenied:41 -请求方式：POST
2020-04-26 14:09:27.963 INFO  [http-nio-8080-exec-3]com.lyq.blog.config.shiro.custom.CusAccessControlFilter.onAccessDenied:42 -拦截请求URI: /user/login
2020-04-26 14:09:36.828 INFO  [http-nio-8080-exec-4]com.lyq.blog.config.shiro.custom.CusAccessControlFilter.onAccessDenied:41 -请求方式：POST
2020-04-26 14:09:36.829 INFO  [http-nio-8080-exec-4]com.lyq.blog.config.shiro.custom.CusAccessControlFilter.onAccessDenied:42 -拦截请求URI: /user/login
2020-04-26 14:10:46.595 INFO  [http-nio-8080-exec-5]com.lyq.blog.config.shiro.custom.CusAccessControlFilter.onAccessDenied:41 -请求方式：POST
2020-04-26 14:10:46.596 INFO  [http-nio-8080-exec-5]com.lyq.blog.config.shiro.custom.CusAccessControlFilter.onAccessDenied:42 -拦截请求URI: /user/login
2020-04-26 14:15:24.530 INFO  [http-nio-8080-exec-7]com.lyq.blog.config.shiro.custom.CusAccessControlFilter.onAccessDenied:41 -请求方式：POST
2020-04-26 14:15:24.530 INFO  [http-nio-8080-exec-7]com.lyq.blog.config.shiro.custom.CusAccessControlFilter.onAccessDenied:42 -拦截请求URI: /user/login
2020-04-26 14:15:37.543 INFO  [http-nio-8080-exec-8]com.lyq.blog.config.shiro.custom.CusAccessControlFilter.onAccessDenied:41 -请求方式：POST
2020-04-26 14:15:37.544 INFO  [http-nio-8080-exec-8]com.lyq.blog.config.shiro.custom.CusAccessControlFilter.onAccessDenied:42 -拦截请求URI: /user/login
2020-04-26 14:16:05.651 INFO  [http-nio-8080-exec-10]com.lyq.blog.config.shiro.custom.CusAccessControlFilter.onAccessDenied:41 -请求方式：POST
2020-04-26 14:16:05.652 INFO  [http-nio-8080-exec-10]com.lyq.blog.config.shiro.custom.CusAccessControlFilter.onAccessDenied:42 -拦截请求URI: /user/login
2020-04-26 14:25:22.776 INFO  [http-nio-8080-exec-9]com.lyq.blog.config.shiro.custom.CusAccessControlFilter.onAccessDenied:41 -请求方式：POST
2020-04-26 14:25:22.776 INFO  [http-nio-8080-exec-9]com.lyq.blog.config.shiro.custom.CusAccessControlFilter.onAccessDenied:42 -拦截请求URI: /user/login
2020-04-26 14:26:28.936 INFO  [http-nio-8080-exec-1]com.lyq.blog.config.shiro.custom.CusAccessControlFilter.onAccessDenied:41 -请求方式：POST
2020-04-26 14:26:28.936 INFO  [http-nio-8080-exec-1]com.lyq.blog.config.shiro.custom.CusAccessControlFilter.onAccessDenied:42 -拦截请求URI: /user/login
2020-04-26 14:28:21.816 INFO  [SpringContextShutdownHook]o.s.jmx.export.annotation.AnnotationMBeanExporter.doUnregister:211 -Could not unregister MBean [com.github.tobato.fastdfs.domain.conn:name=fdfsConnectionPool,type=FdfsConnectionPool] as said MBean is not registered (perhaps already unregistered by an external process)
2020-04-26 14:28:21.817 INFO  [SpringContextShutdownHook]o.s.scheduling.concurrent.ThreadPoolTaskExecutor.shutdown:218 -Shutting down ExecutorService 'applicationTaskExecutor'
2020-04-26 14:36:02.914 INFO  [main]com.lyq.blog.BlogBackApplication.logStarting:55 -Starting BlogBackApplication on JaydeMacBook-Pro.local with PID 17563 (/Users/jay/Desktop/idea_codes/博客/后端v2/blog-back/target/classes started by jay in /Users/jay/Desktop/idea_codes/博客/后端v2/blog-back)
2020-04-26 14:36:02.917 DEBUG [main]com.lyq.blog.BlogBackApplication.logStarting:56 -Running with Spring Boot v2.2.6.RELEASE, Spring v5.2.5.RELEASE
2020-04-26 14:36:02.917 INFO  [main]com.lyq.blog.BlogBackApplication.logStartupProfileInfo:655 -The following profiles are active: dev
2020-04-26 14:36:03.593 INFO  [main]o.s.d.repository.config.RepositoryConfigurationDelegate.multipleStoresDetected:249 -Multiple Spring Data modules found, entering strict repository configuration mode!
2020-04-26 14:36:03.595 INFO  [main]o.s.d.repository.config.RepositoryConfigurationDelegate.registerRepositoriesIn:127 -Bootstrapping Spring Data Redis repositories in DEFAULT mode.
2020-04-26 14:36:03.628 INFO  [main]o.s.d.repository.config.RepositoryConfigurationDelegate.registerRepositoriesIn:187 -Finished Spring Data repository scanning in 21ms. Found 0 Redis repository interfaces.
2020-04-26 14:36:03.869 INFO  [main]o.s.c.s.PostProcessorRegistrationDelegate$BeanPostProcessorChecker.postProcessAfterInitialization:330 -Bean 'shiroConfig' of type [com.lyq.blog.config.shiro.ShiroConfig$$EnhancerBySpringCGLIB$$c18e4bb8] is not eligible for getting processed by all BeanPostProcessors (for example: not eligible for auto-proxying)
2020-04-26 14:36:04.114 INFO  [main]o.s.c.s.PostProcessorRegistrationDelegate$BeanPostProcessorChecker.postProcessAfterInitialization:330 -Bean 'redisConfig' of type [com.lyq.blog.config.redis.RedisConfig$$EnhancerBySpringCGLIB$$38773acc] is not eligible for getting processed by all BeanPostProcessors (for example: not eligible for auto-proxying)
2020-04-26 14:36:04.133 INFO  [main]o.s.c.s.PostProcessorRegistrationDelegate$BeanPostProcessorChecker.postProcessAfterInitialization:330 -Bean 'spring.redis-org.springframework.boot.autoconfigure.data.redis.RedisProperties' of type [org.springframework.boot.autoconfigure.data.redis.RedisProperties] is not eligible for getting processed by all BeanPostProcessors (for example: not eligible for auto-proxying)
2020-04-26 14:36:04.142 INFO  [main]o.s.c.s.PostProcessorRegistrationDelegate$BeanPostProcessorChecker.postProcessAfterInitialization:330 -Bean 'org.springframework.boot.autoconfigure.data.redis.LettuceConnectionConfiguration' of type [org.springframework.boot.autoconfigure.data.redis.LettuceConnectionConfiguration] is not eligible for getting processed by all BeanPostProcessors (for example: not eligible for auto-proxying)
2020-04-26 14:36:04.199 INFO  [main]o.s.c.s.PostProcessorRegistrationDelegate$BeanPostProcessorChecker.postProcessAfterInitialization:330 -Bean 'lettuceClientResources' of type [io.lettuce.core.resource.DefaultClientResources] is not eligible for getting processed by all BeanPostProcessors (for example: not eligible for auto-proxying)
2020-04-26 14:36:04.327 INFO  [main]o.s.c.s.PostProcessorRegistrationDelegate$BeanPostProcessorChecker.postProcessAfterInitialization:330 -Bean 'redisConnectionFactory' of type [org.springframework.data.redis.connection.lettuce.LettuceConnectionFactory] is not eligible for getting processed by all BeanPostProcessors (for example: not eligible for auto-proxying)
2020-04-26 14:36:04.400 INFO  [main]o.s.c.s.PostProcessorRegistrationDelegate$BeanPostProcessorChecker.postProcessAfterInitialization:330 -Bean 'redisTemplate' of type [org.springframework.data.redis.core.RedisTemplate] is not eligible for getting processed by all BeanPostProcessors (for example: not eligible for auto-proxying)
2020-04-26 14:36:04.462 INFO  [main]o.s.c.s.PostProcessorRegistrationDelegate$BeanPostProcessorChecker.postProcessAfterInitialization:330 -Bean 'redisService' of type [com.lyq.blog.service.RedisService] is not eligible for getting processed by all BeanPostProcessors (for example: not eligible for auto-proxying)
2020-04-26 14:36:04.465 INFO  [main]o.s.c.s.PostProcessorRegistrationDelegate$BeanPostProcessorChecker.postProcessAfterInitialization:330 -Bean 'cusHashedCredentialMatcher' of type [com.lyq.blog.config.shiro.custom.CusHashedCredentialMatcher] is not eligible for getting processed by all BeanPostProcessors (for example: not eligible for auto-proxying)
2020-04-26 14:36:04.471 INFO  [main]o.s.c.s.PostProcessorRegistrationDelegate$BeanPostProcessorChecker.postProcessAfterInitialization:330 -Bean 'cusAuthorizingRealm' of type [com.lyq.blog.config.shiro.custom.CusAuthorizingRealm] is not eligible for getting processed by all BeanPostProcessors (for example: not eligible for auto-proxying)
2020-04-26 14:36:04.487 INFO  [main]o.s.c.s.PostProcessorRegistrationDelegate$BeanPostProcessorChecker.postProcessAfterInitialization:330 -Bean 'securityManager' of type [org.apache.shiro.web.mgt.DefaultWebSecurityManager] is not eligible for getting processed by all BeanPostProcessors (for example: not eligible for auto-proxying)
2020-04-26 14:36:04.509 INFO  [main]o.s.c.s.PostProcessorRegistrationDelegate$BeanPostProcessorChecker.postProcessAfterInitialization:330 -Bean 'authorizationAttributeSourceAdvisor' of type [org.apache.shiro.spring.security.interceptor.AuthorizationAttributeSourceAdvisor] is not eligible for getting processed by all BeanPostProcessors (for example: not eligible for auto-proxying)
2020-04-26 14:36:04.822 INFO  [main]o.s.boot.web.embedded.tomcat.TomcatWebServer.initialize:92 -Tomcat initialized with port(s): 8080 (http)
2020-04-26 14:36:04.829 INFO  [main]org.apache.coyote.http11.Http11NioProtocol.log:173 -Initializing ProtocolHandler ["http-nio-8080"]
2020-04-26 14:36:04.830 INFO  [main]org.apache.catalina.core.StandardService.log:173 -Starting service [Tomcat]
2020-04-26 14:36:04.830 INFO  [main]org.apache.catalina.core.StandardEngine.log:173 -Starting Servlet engine: [Apache Tomcat/9.0.33]
2020-04-26 14:36:04.899 INFO  [main]o.a.catalina.core.ContainerBase.[Tomcat].[localhost].[/].log:173 -Initializing Spring embedded WebApplicationContext
2020-04-26 14:36:04.900 INFO  [main]org.springframework.web.context.ContextLoader.prepareWebApplicationContext:284 -Root WebApplicationContext: initialization completed in 1934 ms
2020-04-26 14:36:06.320 INFO  [main]o.s.scheduling.concurrent.ThreadPoolTaskExecutor.initialize:181 -Initializing ExecutorService 'applicationTaskExecutor'
2020-04-26 14:36:07.197 INFO  [main]org.apache.coyote.http11.Http11NioProtocol.log:173 -Starting ProtocolHandler ["http-nio-8080"]
2020-04-26 14:36:07.234 INFO  [main]o.s.boot.web.embedded.tomcat.TomcatWebServer.start:204 -Tomcat started on port(s): 8080 (http) with context path ''
2020-04-26 14:36:07.237 INFO  [main]com.lyq.blog.BlogBackApplication.logStarted:61 -Started BlogBackApplication in 5.057 seconds (JVM running for 5.634)
2020-04-26 14:36:14.661 INFO  [http-nio-8080-exec-1]o.a.catalina.core.ContainerBase.[Tomcat].[localhost].[/].log:173 -Initializing Spring DispatcherServlet 'dispatcherServlet'
2020-04-26 14:36:14.661 INFO  [http-nio-8080-exec-1]org.springframework.web.servlet.DispatcherServlet.initServletBean:525 -Initializing Servlet 'dispatcherServlet'
2020-04-26 14:36:14.676 INFO  [http-nio-8080-exec-1]org.springframework.web.servlet.DispatcherServlet.initServletBean:547 -Completed initialization in 15 ms
2020-04-26 14:36:14.845 INFO  [http-nio-8080-exec-1]com.lyq.blog.aop.aspect.LogAspect.printRequestLog:108 -请求地址 : /api/user/login
2020-04-26 14:36:14.845 INFO  [http-nio-8080-exec-1]com.lyq.blog.aop.aspect.LogAspect.printRequestLog:109 -请求方式 : POST
2020-04-26 14:36:14.849 INFO  [http-nio-8080-exec-1]com.lyq.blog.aop.aspect.LogAspect.printRequestLog:112 -IP : 0:0:0:0:0:0:0:1
2020-04-26 14:36:14.852 INFO  [http-nio-8080-exec-1]com.lyq.blog.aop.aspect.LogAspect.printRequestLog:114 -方法 : com.lyq.blog.controller.UserController.login
2020-04-26 14:36:14.853 INFO  [http-nio-8080-exec-1]com.lyq.blog.aop.aspect.LogAspect.printRequestLog:116 -请求参数：[UserLoginReqVo(username=yyy, password=111222)]
2020-04-26 14:36:14.973 INFO  [http-nio-8080-exec-1]com.zaxxer.hikari.HikariDataSource.getConnection:110 -HikariPool-1 - Starting...
2020-04-26 14:36:15.176 INFO  [http-nio-8080-exec-1]com.zaxxer.hikari.HikariDataSource.getConnection:123 -HikariPool-1 - Start completed.
2020-04-26 14:36:15.289 ERROR [http-nio-8080-exec-1]com.lyq.blog.utils.jwt.JwtTokenUtil.getUserId:121 -jwt-getUserId(获取用户id错误信息): 
java.lang.NullPointerException: null
	at com.lyq.blog.utils.jwt.JwtTokenUtil.getUserId(JwtTokenUtil.java:119)
	at com.lyq.blog.config.mp.MetaHandler.insertFill(MetaHandler.java:28)
	at com.baomidou.mybatisplus.core.MybatisDefaultParameterHandler.lambda$insertFill$1(MybatisDefaultParameterHandler.java:179)
	at java.util.Optional.ifPresent(Optional.java:159)
	at com.baomidou.mybatisplus.core.MybatisDefaultParameterHandler.insertFill(MybatisDefaultParameterHandler.java:176)
	at com.baomidou.mybatisplus.core.MybatisDefaultParameterHandler.process(MybatisDefaultParameterHandler.java:111)
	at com.baomidou.mybatisplus.core.MybatisDefaultParameterHandler.processParameter(MybatisDefaultParameterHandler.java:84)
	at com.baomidou.mybatisplus.core.MybatisDefaultParameterHandler.<init>(MybatisDefaultParameterHandler.java:55)
	at com.baomidou.mybatisplus.core.MybatisXMLLanguageDriver.createParameterHandler(MybatisXMLLanguageDriver.java:34)
	at com.baomidou.mybatisplus.core.MybatisXMLLanguageDriver.createParameterHandler(MybatisXMLLanguageDriver.java:28)
	at org.apache.ibatis.session.Configuration.newParameterHandler(Configuration.java:579)
	at org.apache.ibatis.executor.statement.BaseStatementHandler.<init>(BaseStatementHandler.java:69)
	at org.apache.ibatis.executor.statement.PreparedStatementHandler.<init>(PreparedStatementHandler.java:41)
	at org.apache.ibatis.executor.statement.RoutingStatementHandler.<init>(RoutingStatementHandler.java:46)
	at org.apache.ibatis.session.Configuration.newStatementHandler(Configuration.java:592)
	at com.baomidou.mybatisplus.core.executor.MybatisSimpleExecutor.doUpdate(MybatisSimpleExecutor.java:52)
	at org.apache.ibatis.executor.BaseExecutor.update(BaseExecutor.java:117)
	at com.baomidou.mybatisplus.core.executor.MybatisCachingExecutor.update(MybatisCachingExecutor.java:83)
	at sun.reflect.NativeMethodAccessorImpl.invoke0(Native Method)
	at sun.reflect.NativeMethodAccessorImpl.invoke(NativeMethodAccessorImpl.java:62)
	at sun.reflect.DelegatingMethodAccessorImpl.invoke(DelegatingMethodAccessorImpl.java:43)
	at java.lang.reflect.Method.invoke(Method.java:498)
	at org.apache.ibatis.plugin.Invocation.proceed(Invocation.java:49)
	at com.baomidou.mybatisplus.extension.plugins.OptimisticLockerInterceptor.intercept(OptimisticLockerInterceptor.java:69)
	at org.apache.ibatis.plugin.Plugin.invoke(Plugin.java:61)
	at com.sun.proxy.$Proxy131.update(Unknown Source)
	at org.apache.ibatis.session.defaults.DefaultSqlSession.update(DefaultSqlSession.java:197)
	at org.apache.ibatis.session.defaults.DefaultSqlSession.insert(DefaultSqlSession.java:184)
	at sun.reflect.NativeMethodAccessorImpl.invoke0(Native Method)
	at sun.reflect.NativeMethodAccessorImpl.invoke(NativeMethodAccessorImpl.java:62)
	at sun.reflect.DelegatingMethodAccessorImpl.invoke(DelegatingMethodAccessorImpl.java:43)
	at java.lang.reflect.Method.invoke(Method.java:498)
	at org.mybatis.spring.SqlSessionTemplate$SqlSessionInterceptor.invoke(SqlSessionTemplate.java:426)
	at com.sun.proxy.$Proxy95.insert(Unknown Source)
	at org.mybatis.spring.SqlSessionTemplate.insert(SqlSessionTemplate.java:271)
	at com.baomidou.mybatisplus.core.override.MybatisMapperMethod.execute(MybatisMapperMethod.java:60)
	at com.baomidou.mybatisplus.core.override.MybatisMapperProxy.invoke(MybatisMapperProxy.java:96)
	at com.sun.proxy.$Proxy96.insert(Unknown Source)
	at com.baomidou.mybatisplus.extension.service.IService.save(IService.java:59)
	at com.baomidou.mybatisplus.extension.service.IService$$FastClassBySpringCGLIB$$f8525d18.invoke(<generated>)
	at org.springframework.cglib.proxy.MethodProxy.invoke(MethodProxy.java:218)
	at org.springframework.aop.framework.CglibAopProxy$DynamicAdvisedInterceptor.intercept(CglibAopProxy.java:687)
	at com.lyq.blog.service.impl.LogServiceImpl$$EnhancerBySpringCGLIB$$cbb81483.save(<generated>)
	at com.lyq.blog.aop.aspect.LogAspect.saveExceptionLog(LogAspect.java:96)
	at sun.reflect.NativeMethodAccessorImpl.invoke0(Native Method)
	at sun.reflect.NativeMethodAccessorImpl.invoke(NativeMethodAccessorImpl.java:62)
	at sun.reflect.DelegatingMethodAccessorImpl.invoke(DelegatingMethodAccessorImpl.java:43)
	at java.lang.reflect.Method.invoke(Method.java:498)
	at org.springframework.aop.aspectj.AbstractAspectJAdvice.invokeAdviceMethodWithGivenArgs(AbstractAspectJAdvice.java:644)
	at org.springframework.aop.aspectj.AbstractAspectJAdvice.invokeAdviceMethod(AbstractAspectJAdvice.java:626)
	at org.springframework.aop.aspectj.AspectJAfterThrowingAdvice.invoke(AspectJAfterThrowingAdvice.java:66)
	at org.springframework.aop.framework.ReflectiveMethodInvocation.proceed(ReflectiveMethodInvocation.java:186)
	at org.springframework.aop.framework.CglibAopProxy$CglibMethodInvocation.proceed(CglibAopProxy.java:749)
	at org.springframework.aop.interceptor.ExposeInvocationInterceptor.invoke(ExposeInvocationInterceptor.java:95)
	at org.springframework.aop.framework.ReflectiveMethodInvocation.proceed(ReflectiveMethodInvocation.java:186)
	at org.springframework.aop.framework.CglibAopProxy$CglibMethodInvocation.proceed(CglibAopProxy.java:749)
	at org.springframework.aop.framework.CglibAopProxy$DynamicAdvisedInterceptor.intercept(CglibAopProxy.java:691)
	at com.lyq.blog.controller.UserController$$EnhancerBySpringCGLIB$$a4575867.login(<generated>)
	at sun.reflect.NativeMethodAccessorImpl.invoke0(Native Method)
	at sun.reflect.NativeMethodAccessorImpl.invoke(NativeMethodAccessorImpl.java:62)
	at sun.reflect.DelegatingMethodAccessorImpl.invoke(DelegatingMethodAccessorImpl.java:43)
	at java.lang.reflect.Method.invoke(Method.java:498)
	at org.springframework.web.method.support.InvocableHandlerMethod.doInvoke(InvocableHandlerMethod.java:190)
	at org.springframework.web.method.support.InvocableHandlerMethod.invokeForRequest(InvocableHandlerMethod.java:138)
	at org.springframework.web.servlet.mvc.method.annotation.ServletInvocableHandlerMethod.invokeAndHandle(ServletInvocableHandlerMethod.java:105)
	at org.springframework.web.servlet.mvc.method.annotation.RequestMappingHandlerAdapter.invokeHandlerMethod(RequestMappingHandlerAdapter.java:879)
	at org.springframework.web.servlet.mvc.method.annotation.RequestMappingHandlerAdapter.handleInternal(RequestMappingHandlerAdapter.java:793)
	at org.springframework.web.servlet.mvc.method.AbstractHandlerMethodAdapter.handle(AbstractHandlerMethodAdapter.java:87)
	at org.springframework.web.servlet.DispatcherServlet.doDispatch(DispatcherServlet.java:1040)
	at org.springframework.web.servlet.DispatcherServlet.doService(DispatcherServlet.java:943)
	at org.springframework.web.servlet.FrameworkServlet.processRequest(FrameworkServlet.java:1006)
	at org.springframework.web.servlet.FrameworkServlet.doPost(FrameworkServlet.java:909)
	at javax.servlet.http.HttpServlet.service(HttpServlet.java:660)
	at org.springframework.web.servlet.FrameworkServlet.service(FrameworkServlet.java:883)
	at javax.servlet.http.HttpServlet.service(HttpServlet.java:741)
	at org.apache.catalina.core.ApplicationFilterChain.internalDoFilter(ApplicationFilterChain.java:231)
	at org.apache.catalina.core.ApplicationFilterChain.doFilter(ApplicationFilterChain.java:166)
	at org.apache.tomcat.websocket.server.WsFilter.doFilter(WsFilter.java:53)
	at org.apache.catalina.core.ApplicationFilterChain.internalDoFilter(ApplicationFilterChain.java:193)
	at org.apache.catalina.core.ApplicationFilterChain.doFilter(ApplicationFilterChain.java:166)
	at org.apache.shiro.web.servlet.ProxiedFilterChain.doFilter(ProxiedFilterChain.java:61)
	at org.apache.shiro.web.servlet.AdviceFilter.executeChain(AdviceFilter.java:108)
	at org.apache.shiro.web.servlet.AdviceFilter.doFilterInternal(AdviceFilter.java:137)
	at org.apache.shiro.web.servlet.OncePerRequestFilter.doFilter(OncePerRequestFilter.java:125)
	at org.apache.shiro.web.servlet.ProxiedFilterChain.doFilter(ProxiedFilterChain.java:66)
	at org.apache.shiro.web.servlet.AbstractShiroFilter.executeChain(AbstractShiroFilter.java:449)
	at org.apache.shiro.web.servlet.AbstractShiroFilter$1.call(AbstractShiroFilter.java:365)
	at org.apache.shiro.subject.support.SubjectCallable.doCall(SubjectCallable.java:90)
	at org.apache.shiro.subject.support.SubjectCallable.call(SubjectCallable.java:83)
	at org.apache.shiro.subject.support.DelegatingSubject.execute(DelegatingSubject.java:387)
	at org.apache.shiro.web.servlet.AbstractShiroFilter.doFilterInternal(AbstractShiroFilter.java:362)
	at org.apache.shiro.web.servlet.OncePerRequestFilter.doFilter(OncePerRequestFilter.java:125)
	at org.apache.catalina.core.ApplicationFilterChain.internalDoFilter(ApplicationFilterChain.java:193)
	at org.apache.catalina.core.ApplicationFilterChain.doFilter(ApplicationFilterChain.java:166)
	at org.springframework.web.filter.RequestContextFilter.doFilterInternal(RequestContextFilter.java:100)
	at org.springframework.web.filter.OncePerRequestFilter.doFilter(OncePerRequestFilter.java:119)
	at org.apache.catalina.core.ApplicationFilterChain.internalDoFilter(ApplicationFilterChain.java:193)
	at org.apache.catalina.core.ApplicationFilterChain.doFilter(ApplicationFilterChain.java:166)
	at org.springframework.web.filter.FormContentFilter.doFilterInternal(FormContentFilter.java:93)
	at org.springframework.web.filter.OncePerRequestFilter.doFilter(OncePerRequestFilter.java:119)
	at org.apache.catalina.core.ApplicationFilterChain.internalDoFilter(ApplicationFilterChain.java:193)
	at org.apache.catalina.core.ApplicationFilterChain.doFilter(ApplicationFilterChain.java:166)
	at org.springframework.web.filter.CharacterEncodingFilter.doFilterInternal(CharacterEncodingFilter.java:201)
	at org.springframework.web.filter.OncePerRequestFilter.doFilter(OncePerRequestFilter.java:119)
	at org.apache.catalina.core.ApplicationFilterChain.internalDoFilter(ApplicationFilterChain.java:193)
	at org.apache.catalina.core.ApplicationFilterChain.doFilter(ApplicationFilterChain.java:166)
	at org.apache.catalina.core.StandardWrapperValve.invoke(StandardWrapperValve.java:202)
	at org.apache.catalina.core.StandardContextValve.invoke(StandardContextValve.java:96)
	at org.apache.catalina.authenticator.AuthenticatorBase.invoke(AuthenticatorBase.java:541)
	at org.apache.catalina.core.StandardHostValve.invoke(StandardHostValve.java:139)
	at org.apache.catalina.valves.ErrorReportValve.invoke(ErrorReportValve.java:92)
	at org.apache.catalina.core.StandardEngineValve.invoke(StandardEngineValve.java:74)
	at org.apache.catalina.connector.CoyoteAdapter.service(CoyoteAdapter.java:343)
	at org.apache.coyote.http11.Http11Processor.service(Http11Processor.java:373)
	at org.apache.coyote.AbstractProcessorLight.process(AbstractProcessorLight.java:65)
	at org.apache.coyote.AbstractProtocol$ConnectionHandler.process(AbstractProtocol.java:868)
	at org.apache.tomcat.util.net.NioEndpoint$SocketProcessor.doRun(NioEndpoint.java:1594)
	at org.apache.tomcat.util.net.SocketProcessorBase.run(SocketProcessorBase.java:49)
	at java.util.concurrent.ThreadPoolExecutor.runWorker(ThreadPoolExecutor.java:1149)
	at java.util.concurrent.ThreadPoolExecutor$Worker.run(ThreadPoolExecutor.java:624)
	at org.apache.tomcat.util.threads.TaskThread$WrappingRunnable.run(TaskThread.java:61)
	at java.lang.Thread.run(Thread.java:748)
2020-04-26 14:36:20.894 INFO  [http-nio-8080-exec-3]com.lyq.blog.aop.aspect.LogAspect.printRequestLog:108 -请求地址 : /api/user/login
2020-04-26 14:36:20.894 INFO  [http-nio-8080-exec-3]com.lyq.blog.aop.aspect.LogAspect.printRequestLog:109 -请求方式 : POST
2020-04-26 14:36:20.894 INFO  [http-nio-8080-exec-3]com.lyq.blog.aop.aspect.LogAspect.printRequestLog:112 -IP : 0:0:0:0:0:0:0:1
2020-04-26 14:36:20.895 INFO  [http-nio-8080-exec-3]com.lyq.blog.aop.aspect.LogAspect.printRequestLog:114 -方法 : com.lyq.blog.controller.UserController.login
2020-04-26 14:36:20.895 INFO  [http-nio-8080-exec-3]com.lyq.blog.aop.aspect.LogAspect.printRequestLog:116 -请求参数：[UserLoginReqVo(username=yyy, password=123456)]
2020-04-26 14:36:21.044 INFO  [http-nio-8080-exec-3]com.lyq.blog.aop.aspect.LogAspect.doAround:64 -耗时 : 150
2020-04-26 14:36:21.143 INFO  [http-nio-8080-exec-3]com.lyq.blog.aop.aspect.LogAspect.doAfterReturning:78 -返回值：{"code":0,"data":{"accessToken":"eyJhbGciOiJIUzI1NiJ9.eyJpc3MiOiJmYzdlZjkyMTMwMzEwOTMxNWZiYTY1ZTJlZmUwYzU0OSMiLCJqd3RfdXNlcl9uYW1lX2tleV8iOiJ5eXkiLCJzdWIiOiJ1c2VyXzEyNTM5MzIxNzI0NzgyOTYwNjQiLCJqd3RfaXNfYWRtaW5fIjowLCJleHAiOjE1ODc4OTAxODEsImlhdCI6MTU4Nzg4Mjk4MX0.j9L6NF1Jy5X-FmARH8Pfg8VPL4_7bdDHs_R8LF94nOQ","avatar":"rBCyTV6j1q2ASW0-AABhJqR63ls288.jpg","isAdmin":0,"refreshToken":"eyJhbGciOiJIUzI1NiJ9.eyJpc3MiOiJmYzdlZjkyMTMwMzEwOTMxNWZiYTY1ZTJlZmUwYzU0OSMiLCJqd3RfdXNlcl9uYW1lX2tleV8iOiJ5eXkiLCJzdWIiOiJ1c2VyXzEyNTM5MzIxNzI0NzgyOTYwNjQiLCJqd3RfaXNfYWRtaW5fIjowLCJleHAiOjE1ODc5MTE3ODEsImlhdCI6MTU4Nzg4Mjk4MX0.cRjJSG88kvZ0HWricqGID0Zn4e0PDc9aVPchA_pgErA","username":"yyy"},"msg":"登录成功"}
2020-04-26 14:36:21.146 ERROR [http-nio-8080-exec-3]com.lyq.blog.utils.jwt.JwtTokenUtil.getUserId:121 -jwt-getUserId(获取用户id错误信息): 
java.lang.NullPointerException: null
	at com.lyq.blog.utils.jwt.JwtTokenUtil.getUserId(JwtTokenUtil.java:119)
	at com.lyq.blog.config.mp.MetaHandler.insertFill(MetaHandler.java:28)
	at com.baomidou.mybatisplus.core.MybatisDefaultParameterHandler.lambda$insertFill$1(MybatisDefaultParameterHandler.java:179)
	at java.util.Optional.ifPresent(Optional.java:159)
	at com.baomidou.mybatisplus.core.MybatisDefaultParameterHandler.insertFill(MybatisDefaultParameterHandler.java:176)
	at com.baomidou.mybatisplus.core.MybatisDefaultParameterHandler.process(MybatisDefaultParameterHandler.java:111)
	at com.baomidou.mybatisplus.core.MybatisDefaultParameterHandler.processParameter(MybatisDefaultParameterHandler.java:84)
	at com.baomidou.mybatisplus.core.MybatisDefaultParameterHandler.<init>(MybatisDefaultParameterHandler.java:55)
	at com.baomidou.mybatisplus.core.MybatisXMLLanguageDriver.createParameterHandler(MybatisXMLLanguageDriver.java:34)
	at com.baomidou.mybatisplus.core.MybatisXMLLanguageDriver.createParameterHandler(MybatisXMLLanguageDriver.java:28)
	at org.apache.ibatis.session.Configuration.newParameterHandler(Configuration.java:579)
	at org.apache.ibatis.executor.statement.BaseStatementHandler.<init>(BaseStatementHandler.java:69)
	at org.apache.ibatis.executor.statement.PreparedStatementHandler.<init>(PreparedStatementHandler.java:41)
	at org.apache.ibatis.executor.statement.RoutingStatementHandler.<init>(RoutingStatementHandler.java:46)
	at org.apache.ibatis.session.Configuration.newStatementHandler(Configuration.java:592)
	at com.baomidou.mybatisplus.core.executor.MybatisSimpleExecutor.doUpdate(MybatisSimpleExecutor.java:52)
	at org.apache.ibatis.executor.BaseExecutor.update(BaseExecutor.java:117)
	at com.baomidou.mybatisplus.core.executor.MybatisCachingExecutor.update(MybatisCachingExecutor.java:83)
	at sun.reflect.NativeMethodAccessorImpl.invoke0(Native Method)
	at sun.reflect.NativeMethodAccessorImpl.invoke(NativeMethodAccessorImpl.java:62)
	at sun.reflect.DelegatingMethodAccessorImpl.invoke(DelegatingMethodAccessorImpl.java:43)
	at java.lang.reflect.Method.invoke(Method.java:498)
	at org.apache.ibatis.plugin.Invocation.proceed(Invocation.java:49)
	at com.baomidou.mybatisplus.extension.plugins.OptimisticLockerInterceptor.intercept(OptimisticLockerInterceptor.java:69)
	at org.apache.ibatis.plugin.Plugin.invoke(Plugin.java:61)
	at com.sun.proxy.$Proxy131.update(Unknown Source)
	at org.apache.ibatis.session.defaults.DefaultSqlSession.update(DefaultSqlSession.java:197)
	at org.apache.ibatis.session.defaults.DefaultSqlSession.insert(DefaultSqlSession.java:184)
	at sun.reflect.NativeMethodAccessorImpl.invoke0(Native Method)
	at sun.reflect.NativeMethodAccessorImpl.invoke(NativeMethodAccessorImpl.java:62)
	at sun.reflect.DelegatingMethodAccessorImpl.invoke(DelegatingMethodAccessorImpl.java:43)
	at java.lang.reflect.Method.invoke(Method.java:498)
	at org.mybatis.spring.SqlSessionTemplate$SqlSessionInterceptor.invoke(SqlSessionTemplate.java:426)
	at com.sun.proxy.$Proxy95.insert(Unknown Source)
	at org.mybatis.spring.SqlSessionTemplate.insert(SqlSessionTemplate.java:271)
	at com.baomidou.mybatisplus.core.override.MybatisMapperMethod.execute(MybatisMapperMethod.java:60)
	at com.baomidou.mybatisplus.core.override.MybatisMapperProxy.invoke(MybatisMapperProxy.java:96)
	at com.sun.proxy.$Proxy96.insert(Unknown Source)
	at com.baomidou.mybatisplus.extension.service.IService.save(IService.java:59)
	at com.baomidou.mybatisplus.extension.service.IService$$FastClassBySpringCGLIB$$f8525d18.invoke(<generated>)
	at org.springframework.cglib.proxy.MethodProxy.invoke(MethodProxy.java:218)
	at org.springframework.aop.framework.CglibAopProxy$DynamicAdvisedInterceptor.intercept(CglibAopProxy.java:687)
	at com.lyq.blog.service.impl.LogServiceImpl$$EnhancerBySpringCGLIB$$cbb81483.save(<generated>)
	at com.lyq.blog.aop.aspect.LogAspect.doAfterReturning(LogAspect.java:81)
	at sun.reflect.NativeMethodAccessorImpl.invoke0(Native Method)
	at sun.reflect.NativeMethodAccessorImpl.invoke(NativeMethodAccessorImpl.java:62)
	at sun.reflect.DelegatingMethodAccessorImpl.invoke(DelegatingMethodAccessorImpl.java:43)
	at java.lang.reflect.Method.invoke(Method.java:498)
	at org.springframework.aop.aspectj.AbstractAspectJAdvice.invokeAdviceMethodWithGivenArgs(AbstractAspectJAdvice.java:644)
	at org.springframework.aop.aspectj.AbstractAspectJAdvice.invokeAdviceMethod(AbstractAspectJAdvice.java:626)
	at org.springframework.aop.aspectj.AspectJAfterReturningAdvice.afterReturning(AspectJAfterReturningAdvice.java:66)
	at org.springframework.aop.framework.adapter.AfterReturningAdviceInterceptor.invoke(AfterReturningAdviceInterceptor.java:56)
	at org.springframework.aop.framework.ReflectiveMethodInvocation.proceed(ReflectiveMethodInvocation.java:186)
	at org.springframework.aop.framework.CglibAopProxy$CglibMethodInvocation.proceed(CglibAopProxy.java:749)
	at org.springframework.aop.aspectj.AspectJAfterThrowingAdvice.invoke(AspectJAfterThrowingAdvice.java:62)
	at org.springframework.aop.framework.ReflectiveMethodInvocation.proceed(ReflectiveMethodInvocation.java:186)
	at org.springframework.aop.framework.CglibAopProxy$CglibMethodInvocation.proceed(CglibAopProxy.java:749)
	at org.springframework.aop.interceptor.ExposeInvocationInterceptor.invoke(ExposeInvocationInterceptor.java:95)
	at org.springframework.aop.framework.ReflectiveMethodInvocation.proceed(ReflectiveMethodInvocation.java:186)
	at org.springframework.aop.framework.CglibAopProxy$CglibMethodInvocation.proceed(CglibAopProxy.java:749)
	at org.springframework.aop.framework.CglibAopProxy$DynamicAdvisedInterceptor.intercept(CglibAopProxy.java:691)
	at com.lyq.blog.controller.UserController$$EnhancerBySpringCGLIB$$a4575867.login(<generated>)
	at sun.reflect.NativeMethodAccessorImpl.invoke0(Native Method)
	at sun.reflect.NativeMethodAccessorImpl.invoke(NativeMethodAccessorImpl.java:62)
	at sun.reflect.DelegatingMethodAccessorImpl.invoke(DelegatingMethodAccessorImpl.java:43)
	at java.lang.reflect.Method.invoke(Method.java:498)
	at org.springframework.web.method.support.InvocableHandlerMethod.doInvoke(InvocableHandlerMethod.java:190)
	at org.springframework.web.method.support.InvocableHandlerMethod.invokeForRequest(InvocableHandlerMethod.java:138)
	at org.springframework.web.servlet.mvc.method.annotation.ServletInvocableHandlerMethod.invokeAndHandle(ServletInvocableHandlerMethod.java:105)
	at org.springframework.web.servlet.mvc.method.annotation.RequestMappingHandlerAdapter.invokeHandlerMethod(RequestMappingHandlerAdapter.java:879)
	at org.springframework.web.servlet.mvc.method.annotation.RequestMappingHandlerAdapter.handleInternal(RequestMappingHandlerAdapter.java:793)
	at org.springframework.web.servlet.mvc.method.AbstractHandlerMethodAdapter.handle(AbstractHandlerMethodAdapter.java:87)
	at org.springframework.web.servlet.DispatcherServlet.doDispatch(DispatcherServlet.java:1040)
	at org.springframework.web.servlet.DispatcherServlet.doService(DispatcherServlet.java:943)
	at org.springframework.web.servlet.FrameworkServlet.processRequest(FrameworkServlet.java:1006)
	at org.springframework.web.servlet.FrameworkServlet.doPost(FrameworkServlet.java:909)
	at javax.servlet.http.HttpServlet.service(HttpServlet.java:660)
	at org.springframework.web.servlet.FrameworkServlet.service(FrameworkServlet.java:883)
	at javax.servlet.http.HttpServlet.service(HttpServlet.java:741)
	at org.apache.catalina.core.ApplicationFilterChain.internalDoFilter(ApplicationFilterChain.java:231)
	at org.apache.catalina.core.ApplicationFilterChain.doFilter(ApplicationFilterChain.java:166)
	at org.apache.tomcat.websocket.server.WsFilter.doFilter(WsFilter.java:53)
	at org.apache.catalina.core.ApplicationFilterChain.internalDoFilter(ApplicationFilterChain.java:193)
	at org.apache.catalina.core.ApplicationFilterChain.doFilter(ApplicationFilterChain.java:166)
	at org.apache.shiro.web.servlet.ProxiedFilterChain.doFilter(ProxiedFilterChain.java:61)
	at org.apache.shiro.web.servlet.AdviceFilter.executeChain(AdviceFilter.java:108)
	at org.apache.shiro.web.servlet.AdviceFilter.doFilterInternal(AdviceFilter.java:137)
	at org.apache.shiro.web.servlet.OncePerRequestFilter.doFilter(OncePerRequestFilter.java:125)
	at org.apache.shiro.web.servlet.ProxiedFilterChain.doFilter(ProxiedFilterChain.java:66)
	at org.apache.shiro.web.servlet.AbstractShiroFilter.executeChain(AbstractShiroFilter.java:449)
	at org.apache.shiro.web.servlet.AbstractShiroFilter$1.call(AbstractShiroFilter.java:365)
	at org.apache.shiro.subject.support.SubjectCallable.doCall(SubjectCallable.java:90)
	at org.apache.shiro.subject.support.SubjectCallable.call(SubjectCallable.java:83)
	at org.apache.shiro.subject.support.DelegatingSubject.execute(DelegatingSubject.java:387)
	at org.apache.shiro.web.servlet.AbstractShiroFilter.doFilterInternal(AbstractShiroFilter.java:362)
	at org.apache.shiro.web.servlet.OncePerRequestFilter.doFilter(OncePerRequestFilter.java:125)
	at org.apache.catalina.core.ApplicationFilterChain.internalDoFilter(ApplicationFilterChain.java:193)
	at org.apache.catalina.core.ApplicationFilterChain.doFilter(ApplicationFilterChain.java:166)
	at org.springframework.web.filter.RequestContextFilter.doFilterInternal(RequestContextFilter.java:100)
	at org.springframework.web.filter.OncePerRequestFilter.doFilter(OncePerRequestFilter.java:119)
	at org.apache.catalina.core.ApplicationFilterChain.internalDoFilter(ApplicationFilterChain.java:193)
	at org.apache.catalina.core.ApplicationFilterChain.doFilter(ApplicationFilterChain.java:166)
	at org.springframework.web.filter.FormContentFilter.doFilterInternal(FormContentFilter.java:93)
	at org.springframework.web.filter.OncePerRequestFilter.doFilter(OncePerRequestFilter.java:119)
	at org.apache.catalina.core.ApplicationFilterChain.internalDoFilter(ApplicationFilterChain.java:193)
	at org.apache.catalina.core.ApplicationFilterChain.doFilter(ApplicationFilterChain.java:166)
	at org.springframework.web.filter.CharacterEncodingFilter.doFilterInternal(CharacterEncodingFilter.java:201)
	at org.springframework.web.filter.OncePerRequestFilter.doFilter(OncePerRequestFilter.java:119)
	at org.apache.catalina.core.ApplicationFilterChain.internalDoFilter(ApplicationFilterChain.java:193)
	at org.apache.catalina.core.ApplicationFilterChain.doFilter(ApplicationFilterChain.java:166)
	at org.apache.catalina.core.StandardWrapperValve.invoke(StandardWrapperValve.java:202)
	at org.apache.catalina.core.StandardContextValve.invoke(StandardContextValve.java:96)
	at org.apache.catalina.authenticator.AuthenticatorBase.invoke(AuthenticatorBase.java:541)
	at org.apache.catalina.core.StandardHostValve.invoke(StandardHostValve.java:139)
	at org.apache.catalina.valves.ErrorReportValve.invoke(ErrorReportValve.java:92)
	at org.apache.catalina.core.StandardEngineValve.invoke(StandardEngineValve.java:74)
	at org.apache.catalina.connector.CoyoteAdapter.service(CoyoteAdapter.java:343)
	at org.apache.coyote.http11.Http11Processor.service(Http11Processor.java:373)
	at org.apache.coyote.AbstractProcessorLight.process(AbstractProcessorLight.java:65)
	at org.apache.coyote.AbstractProtocol$ConnectionHandler.process(AbstractProtocol.java:868)
	at org.apache.tomcat.util.net.NioEndpoint$SocketProcessor.doRun(NioEndpoint.java:1594)
	at org.apache.tomcat.util.net.SocketProcessorBase.run(SocketProcessorBase.java:49)
	at java.util.concurrent.ThreadPoolExecutor.runWorker(ThreadPoolExecutor.java:1149)
	at java.util.concurrent.ThreadPoolExecutor$Worker.run(ThreadPoolExecutor.java:624)
	at org.apache.tomcat.util.threads.TaskThread$WrappingRunnable.run(TaskThread.java:61)
	at java.lang.Thread.run(Thread.java:748)
2020-04-26 14:36:42.137 INFO  [http-nio-8080-exec-4]com.lyq.blog.config.shiro.custom.CusAccessControlFilter.onAccessDenied:41 -请求方式：POST
2020-04-26 14:36:42.138 INFO  [http-nio-8080-exec-4]com.lyq.blog.config.shiro.custom.CusAccessControlFilter.onAccessDenied:42 -拦截请求URI: /user/login
2020-04-26 14:41:24.606 INFO  [http-nio-8080-exec-6]com.lyq.blog.config.shiro.custom.CusAccessControlFilter.onAccessDenied:41 -请求方式：POST
2020-04-26 14:41:24.607 INFO  [http-nio-8080-exec-6]com.lyq.blog.config.shiro.custom.CusAccessControlFilter.onAccessDenied:42 -拦截请求URI: /user/login
2020-04-26 14:41:25.446 INFO  [http-nio-8080-exec-7]com.lyq.blog.config.shiro.custom.CusAccessControlFilter.onAccessDenied:41 -请求方式：POST
2020-04-26 14:41:25.446 INFO  [http-nio-8080-exec-7]com.lyq.blog.config.shiro.custom.CusAccessControlFilter.onAccessDenied:42 -拦截请求URI: /user/login
2020-04-26 14:42:19.242 INFO  [http-nio-8080-exec-8]com.lyq.blog.config.shiro.custom.CusAccessControlFilter.onAccessDenied:41 -请求方式：POST
2020-04-26 14:42:19.242 INFO  [http-nio-8080-exec-8]com.lyq.blog.config.shiro.custom.CusAccessControlFilter.onAccessDenied:42 -拦截请求URI: /user/login
2020-04-26 14:42:19.398 INFO  [http-nio-8080-exec-9]com.lyq.blog.config.shiro.custom.CusAccessControlFilter.onAccessDenied:41 -请求方式：POST
2020-04-26 14:42:19.398 INFO  [http-nio-8080-exec-9]com.lyq.blog.config.shiro.custom.CusAccessControlFilter.onAccessDenied:42 -拦截请求URI: /user/login
2020-04-26 14:42:19.559 INFO  [http-nio-8080-exec-10]com.lyq.blog.config.shiro.custom.CusAccessControlFilter.onAccessDenied:41 -请求方式：POST
2020-04-26 14:42:19.560 INFO  [http-nio-8080-exec-10]com.lyq.blog.config.shiro.custom.CusAccessControlFilter.onAccessDenied:42 -拦截请求URI: /user/login
2020-04-26 14:42:19.754 INFO  [http-nio-8080-exec-2]com.lyq.blog.config.shiro.custom.CusAccessControlFilter.onAccessDenied:41 -请求方式：POST
2020-04-26 14:42:19.755 INFO  [http-nio-8080-exec-2]com.lyq.blog.config.shiro.custom.CusAccessControlFilter.onAccessDenied:42 -拦截请求URI: /user/login
2020-04-26 14:42:19.939 INFO  [http-nio-8080-exec-1]com.lyq.blog.config.shiro.custom.CusAccessControlFilter.onAccessDenied:41 -请求方式：POST
2020-04-26 14:42:19.939 INFO  [http-nio-8080-exec-1]com.lyq.blog.config.shiro.custom.CusAccessControlFilter.onAccessDenied:42 -拦截请求URI: /user/login
2020-04-26 14:42:20.133 INFO  [http-nio-8080-exec-3]com.lyq.blog.config.shiro.custom.CusAccessControlFilter.onAccessDenied:41 -请求方式：POST
2020-04-26 14:42:20.134 INFO  [http-nio-8080-exec-3]com.lyq.blog.config.shiro.custom.CusAccessControlFilter.onAccessDenied:42 -拦截请求URI: /user/login
2020-04-26 14:42:20.345 INFO  [http-nio-8080-exec-4]com.lyq.blog.config.shiro.custom.CusAccessControlFilter.onAccessDenied:41 -请求方式：POST
2020-04-26 14:42:20.345 INFO  [http-nio-8080-exec-4]com.lyq.blog.config.shiro.custom.CusAccessControlFilter.onAccessDenied:42 -拦截请求URI: /user/login
2020-04-26 14:42:20.542 INFO  [http-nio-8080-exec-5]com.lyq.blog.config.shiro.custom.CusAccessControlFilter.onAccessDenied:41 -请求方式：POST
2020-04-26 14:42:20.542 INFO  [http-nio-8080-exec-5]com.lyq.blog.config.shiro.custom.CusAccessControlFilter.onAccessDenied:42 -拦截请求URI: /user/login
2020-04-26 14:42:20.781 INFO  [http-nio-8080-exec-6]com.lyq.blog.config.shiro.custom.CusAccessControlFilter.onAccessDenied:41 -请求方式：POST
2020-04-26 14:42:20.782 INFO  [http-nio-8080-exec-6]com.lyq.blog.config.shiro.custom.CusAccessControlFilter.onAccessDenied:42 -拦截请求URI: /user/login
2020-04-26 14:42:20.990 INFO  [http-nio-8080-exec-7]com.lyq.blog.config.shiro.custom.CusAccessControlFilter.onAccessDenied:41 -请求方式：POST
2020-04-26 14:42:20.990 INFO  [http-nio-8080-exec-7]com.lyq.blog.config.shiro.custom.CusAccessControlFilter.onAccessDenied:42 -拦截请求URI: /user/login
2020-04-26 14:43:54.970 INFO  [http-nio-8080-exec-8]com.lyq.blog.config.shiro.custom.CusAccessControlFilter.onAccessDenied:41 -请求方式：POST
2020-04-26 14:43:54.971 INFO  [http-nio-8080-exec-8]com.lyq.blog.config.shiro.custom.CusAccessControlFilter.onAccessDenied:42 -拦截请求URI: /user/login
2020-04-26 14:43:57.961 INFO  [http-nio-8080-exec-9]com.lyq.blog.config.shiro.custom.CusAccessControlFilter.onAccessDenied:41 -请求方式：POST
2020-04-26 14:43:57.961 INFO  [http-nio-8080-exec-9]com.lyq.blog.config.shiro.custom.CusAccessControlFilter.onAccessDenied:42 -拦截请求URI: /user/login
2020-04-26 14:45:10.618 INFO  [http-nio-8080-exec-10]com.lyq.blog.config.shiro.custom.CusAccessControlFilter.onAccessDenied:41 -请求方式：POST
2020-04-26 14:45:10.618 INFO  [http-nio-8080-exec-10]com.lyq.blog.config.shiro.custom.CusAccessControlFilter.onAccessDenied:42 -拦截请求URI: /user/login
2020-04-26 14:45:14.321 INFO  [http-nio-8080-exec-2]com.lyq.blog.config.shiro.custom.CusAccessControlFilter.onAccessDenied:41 -请求方式：POST
2020-04-26 14:45:14.321 INFO  [http-nio-8080-exec-2]com.lyq.blog.config.shiro.custom.CusAccessControlFilter.onAccessDenied:42 -拦截请求URI: /user/login
2020-04-26 14:52:00.398 INFO  [http-nio-8080-exec-1]com.lyq.blog.config.shiro.custom.CusAccessControlFilter.onAccessDenied:41 -请求方式：POST
2020-04-26 14:52:00.398 INFO  [http-nio-8080-exec-1]com.lyq.blog.config.shiro.custom.CusAccessControlFilter.onAccessDenied:42 -拦截请求URI: /user/login
2020-04-26 14:55:32.797 INFO  [SpringContextShutdownHook]o.s.jmx.export.annotation.AnnotationMBeanExporter.doUnregister:211 -Could not unregister MBean [com.github.tobato.fastdfs.domain.conn:name=fdfsConnectionPool,type=FdfsConnectionPool] as said MBean is not registered (perhaps already unregistered by an external process)
2020-04-26 14:55:32.797 INFO  [SpringContextShutdownHook]o.s.scheduling.concurrent.ThreadPoolTaskExecutor.shutdown:218 -Shutting down ExecutorService 'applicationTaskExecutor'
2020-04-26 14:55:32.798 INFO  [SpringContextShutdownHook]com.zaxxer.hikari.HikariDataSource.close:350 -HikariPool-1 - Shutdown initiated...
2020-04-26 14:55:32.806 INFO  [SpringContextShutdownHook]com.zaxxer.hikari.HikariDataSource.close:352 -HikariPool-1 - Shutdown completed.
